This is pdfTeX, Version 3.14159265-2.6-1.40.20 (MiKTeX 2.9.7140 64-bit) (preloaded format=pdflatex 2019.9.5)  20 NOV 2020 20:09
entering extended mode
**./Final_report.tex
(Final_report.tex
LaTeX2e <2018-12-01>
(D:\DSI\Software\MiKTeX\tex/latex/base\article.cls
Document Class: article 2018/09/03 v1.4i Standard LaTeX document class
(D:\DSI\Software\MiKTeX\tex/latex/base\size12.clo
File: size12.clo 2018/09/03 v1.4i Standard LaTeX file (size option)
)
\c@part=\count80
\c@section=\count81
\c@subsection=\count82
\c@subsubsection=\count83
\c@paragraph=\count84
\c@subparagraph=\count85
\c@figure=\count86
\c@table=\count87
\abovecaptionskip=\skip41
\belowcaptionskip=\skip42
\bibindent=\dimen102
)
(D:\DSI\Software\MiKTeX\tex/latex/preprint\fullpage.sty
Package: fullpage 1999/02/23 1.1 (PWD)
\FP@margin=\skip43
)
(D:\DSI\Software\MiKTeX\tex/latex/geometry\geometry.sty
Package: geometry 2018/04/16 v5.8 Page Geometry

(D:\DSI\Software\MiKTeX\tex/latex/graphics\keyval.sty
Package: keyval 2014/10/28 v1.15 key=value parser (DPC)
\KV@toks@=\toks14
)
(D:\DSI\Software\MiKTeX\tex/generic/oberdiek\ifpdf.sty
Package: ifpdf 2018/09/07 v3.3 Provides the ifpdf switch
)
(D:\DSI\Software\MiKTeX\tex/generic/oberdiek\ifvtex.sty
Package: ifvtex 2016/05/16 v1.6 Detect VTeX and its facilities (HO)
Package ifvtex Info: VTeX not detected.
)
(D:\DSI\Software\MiKTeX\tex/generic/ifxetex\ifxetex.sty
Package: ifxetex 2010/09/12 v0.6 Provides ifxetex conditional
)
\Gm@cnth=\count88
\Gm@cntv=\count89
\c@Gm@tempcnt=\count90
\Gm@bindingoffset=\dimen103
\Gm@wd@mp=\dimen104
\Gm@odd@mp=\dimen105
\Gm@even@mp=\dimen106
\Gm@layoutwidth=\dimen107
\Gm@layoutheight=\dimen108
\Gm@layouthoffset=\dimen109
\Gm@layoutvoffset=\dimen110
\Gm@dimlist=\toks15

(D:\DSI\Software\MiKTeX\tex/latex/geometry\geometry.cfg))
(D:\DSI\Software\MiKTeX\tex/latex/amsmath\amsmath.sty
Package: amsmath 2018/12/01 v2.17b AMS math features
\@mathmargin=\skip44

For additional information on amsmath, use the `?' option.
(D:\DSI\Software\MiKTeX\tex/latex/amsmath\amstext.sty
Package: amstext 2000/06/29 v2.01 AMS text

(D:\DSI\Software\MiKTeX\tex/latex/amsmath\amsgen.sty
File: amsgen.sty 1999/11/30 v2.0 generic functions
\@emptytoks=\toks16
\ex@=\dimen111
))
(D:\DSI\Software\MiKTeX\tex/latex/amsmath\amsbsy.sty
Package: amsbsy 1999/11/29 v1.2d Bold Symbols
\pmbraise@=\dimen112
)
(D:\DSI\Software\MiKTeX\tex/latex/amsmath\amsopn.sty
Package: amsopn 2016/03/08 v2.02 operator names
)
\inf@bad=\count91
LaTeX Info: Redefining \frac on input line 223.
\uproot@=\count92
\leftroot@=\count93
LaTeX Info: Redefining \overline on input line 385.
\classnum@=\count94
\DOTSCASE@=\count95
LaTeX Info: Redefining \ldots on input line 482.
LaTeX Info: Redefining \dots on input line 485.
LaTeX Info: Redefining \cdots on input line 606.
\Mathstrutbox@=\box27
\strutbox@=\box28
\big@size=\dimen113
LaTeX Font Info:    Redeclaring font encoding OML on input line 729.
LaTeX Font Info:    Redeclaring font encoding OMS on input line 730.
\macc@depth=\count96
\c@MaxMatrixCols=\count97
\dotsspace@=\muskip10
\c@parentequation=\count98
\dspbrk@lvl=\count99
\tag@help=\toks17
\row@=\count100
\column@=\count101
\maxfields@=\count102
\andhelp@=\toks18
\eqnshift@=\dimen114
\alignsep@=\dimen115
\tagshift@=\dimen116
\tagwidth@=\dimen117
\totwidth@=\dimen118
\lineht@=\dimen119
\@envbody=\toks19
\multlinegap=\skip45
\multlinetaggap=\skip46
\mathdisplay@stack=\toks20
LaTeX Info: Redefining \[ on input line 2844.
LaTeX Info: Redefining \] on input line 2845.
)
(D:\DSI\Software\MiKTeX\tex/latex/amscls\amsthm.sty
Package: amsthm 2017/10/31 v2.20.4
\thm@style=\toks21
\thm@bodyfont=\toks22
\thm@headfont=\toks23
\thm@notefont=\toks24
\thm@headpunct=\toks25
\thm@preskip=\skip47
\thm@postskip=\skip48
\thm@headsep=\skip49
\dth@everypar=\toks26
)
(D:\DSI\Software\MiKTeX\tex/latex/amsfonts\amsfonts.sty
Package: amsfonts 2013/01/14 v3.01 Basic AMSFonts support
\symAMSa=\mathgroup4
\symAMSb=\mathgroup5
LaTeX Font Info:    Overwriting math alphabet `\mathfrak' in version `bold'
(Font)                  U/euf/m/n --> U/euf/b/n on input line 106.
)
(D:\DSI\Software\MiKTeX\tex/latex/amsfonts\amssymb.sty
Package: amssymb 2013/01/14 v3.01 AMS font symbols
)
(D:\DSI\Software\MiKTeX\tex/latex/amsmath\amscd.sty
Package: amscd 2017/04/14 v2.1 AMS Commutative Diagrams
\athelp@=\toks27
\minaw@=\dimen120
\bigaw@=\dimen121
\minCDarrowwidth=\dimen122
)
(D:\DSI\Software\MiKTeX\tex/latex/lastpage\lastpage.sty
Package: lastpage 2015/03/29 v1.2m Refers to last page's name (HMM; JPG)
)
(D:\DSI\Software\MiKTeX\tex/latex/tools\enumerate.sty
Package: enumerate 2015/07/23 v3.00 enumerate extensions (DPC)
\@enLab=\toks28
)
(D:\DSI\Software\MiKTeX\tex/latex/fancyhdr\fancyhdr.sty
Package: fancyhdr 2019/01/31 v3.10 Extensive control of page headers and footer
s
\f@nch@headwidth=\skip50
\f@nch@O@elh=\skip51
\f@nch@O@erh=\skip52
\f@nch@O@olh=\skip53
\f@nch@O@orh=\skip54
\f@nch@O@elf=\skip55
\f@nch@O@erf=\skip56
\f@nch@O@olf=\skip57
\f@nch@O@orf=\skip58
)
(D:\DSI\Software\MiKTeX\tex/latex/jknappen\mathrsfs.sty
Package: mathrsfs 1996/01/01 Math RSFS package v1.0 (jk)
\symrsfs=\mathgroup6
)
(D:\DSI\Software\MiKTeX\tex/latex/graphics\graphicx.sty
Package: graphicx 2017/06/01 v1.1a Enhanced LaTeX Graphics (DPC,SPQR)

(D:\DSI\Software\MiKTeX\tex/latex/graphics\graphics.sty
Package: graphics 2017/06/25 v1.2c Standard LaTeX Graphics (DPC,SPQR)

(D:\DSI\Software\MiKTeX\tex/latex/graphics\trig.sty
Package: trig 2016/01/03 v1.10 sin cos tan (DPC)
)
(D:\DSI\Software\MiKTeX\tex/latex/graphics-cfg\graphics.cfg
File: graphics.cfg 2016/06/04 v1.11 sample graphics configuration
)
Package graphics Info: Driver file: pdftex.def on input line 99.

(D:\DSI\Software\MiKTeX\tex/latex/graphics-def\pdftex.def
File: pdftex.def 2018/01/08 v1.0l Graphics/color driver for pdftex
))
\Gin@req@height=\dimen123
\Gin@req@width=\dimen124
)
(D:\DSI\Software\MiKTeX\tex/latex/subfigure\subfigure.sty
Package: subfigure 2002/07/30 v2.1.4 subfigure package
\subfigtopskip=\skip59
\subfigcapskip=\skip60
\subfigcaptopadj=\dimen125
\subfigbottomskip=\skip61
\subfigcapmargin=\dimen126
\subfiglabelskip=\skip62
\c@subfigure=\count103
\c@lofdepth=\count104
\c@subtable=\count105
\c@lotdepth=\count106

****************************************
* Local config file subfigure.cfg used *
****************************************
(D:\DSI\Software\MiKTeX\tex/latex/subfigure\subfigure.cfg)
\subfig@top=\skip63
\subfig@bottom=\skip64
)
(D:\DSI\Software\MiKTeX\tex/latex/float\float.sty
Package: float 2001/11/08 v1.3d Float enhancements (AL)
\c@float@type=\count107
\float@exts=\toks29
\float@box=\box29
\@float@everytoks=\toks30
\@floatcapt=\box30
)
(D:\DSI\Software\MiKTeX\tex/latex/tools\multicol.sty
Package: multicol 2018/12/27 v1.8v multicolumn formatting (FMi)
\c@tracingmulticols=\count108
\mult@box=\box31
\multicol@leftmargin=\dimen127
\c@unbalance=\count109
\c@collectmore=\count110
\doublecol@number=\count111
\multicoltolerance=\count112
\multicolpretolerance=\count113
\full@width=\dimen128
\page@free=\dimen129
\premulticols=\dimen130
\postmulticols=\dimen131
\multicolsep=\skip65
\multicolbaselineskip=\skip66
\partial@page=\box32
\last@line=\box33
\maxbalancingoverflow=\dimen132
\mult@rightbox=\box34
\mult@grightbox=\box35
\mult@gfirstbox=\box36
\mult@firstbox=\box37
\@tempa=\box38
\@tempa=\box39
\@tempa=\box40
\@tempa=\box41
\@tempa=\box42
\@tempa=\box43
\@tempa=\box44
\@tempa=\box45
\@tempa=\box46
\@tempa=\box47
\@tempa=\box48
\@tempa=\box49
\@tempa=\box50
\@tempa=\box51
\@tempa=\box52
\@tempa=\box53
\@tempa=\box54
\c@columnbadness=\count114
\c@finalcolumnbadness=\count115
\last@try=\dimen133
\multicolovershoot=\dimen134
\multicolundershoot=\dimen135
\mult@nat@firstbox=\box55
\colbreak@box=\box56
\mc@col@check@num=\count116
)
(D:\DSI\Software\MiKTeX\tex/latex/multirow\multirow.sty
Package: multirow 2019/05/31 v2.5 Span multiple rows of a table
\multirow@colwidth=\skip67
\multirow@cntb=\count117
\multirow@dima=\skip68
\bigstrutjot=\dimen136
)
(D:\DSI\Software\MiKTeX\tex/latex/enumitem\enumitem.sty
Package: enumitem 2019/06/20 v3.9 Customized lists
\labelindent=\skip69
\enit@outerparindent=\dimen137
\enit@toks=\toks31
\enit@inbox=\box57
\enit@count@id=\count118
\enitdp@description=\count119
)
(D:\DSI\Software\MiKTeX\tex/latex/lettrine\lettrine.sty
File: lettrine.sty 2020-03-14 v2.23 (Daniel Flipo)

(D:\DSI\Software\MiKTeX\tex/generic/minifp\minifp.sty
Package: minifp 2013/12/30 v0.96. Macros for real number operations and a stack
-based programing language.
\MFP@loopctr=\count120
)
\c@DefaultLines=\count121
\c@DefaultDepth=\count122
\DefaultFindent=\dimen138
\DefaultNindent=\dimen139
\DefaultSlope=\dimen140
\DiscardVskip=\dimen141
\L@lbox=\box58
\L@tbox=\box59
\c@L@lines=\count123
\c@L@depth=\count124
\L@Pindent=\dimen142
\L@Findent=\dimen143
\L@Nindent=\dimen144
\L@lraise=\dimen145
\L@first=\dimen146
\L@next=\dimen147
\L@slope=\dimen148
\L@height=\dimen149
\L@novskip=\dimen150
\L@target@ht=\dimen151
\L@target@dp=\dimen152
\L@target@tht=\dimen153
\LettrineWidth=\dimen154
\LettrineHeight=\dimen155
\LettrineDepth=\dimen156
\Llist@everypar=\toks32

Loading lettrine.cfg
(D:\DSI\Software\MiKTeX\tex/latex/lettrine\lettrine.cfg)) (Final_report.aux)
\openout1 = `Final_report.aux'.

LaTeX Font Info:    Checking defaults for OML/cmm/m/it on input line 36.
LaTeX Font Info:    ... okay on input line 36.
LaTeX Font Info:    Checking defaults for T1/cmr/m/n on input line 36.
LaTeX Font Info:    ... okay on input line 36.
LaTeX Font Info:    Checking defaults for OT1/cmr/m/n on input line 36.
LaTeX Font Info:    ... okay on input line 36.
LaTeX Font Info:    Checking defaults for OMS/cmsy/m/n on input line 36.
LaTeX Font Info:    ... okay on input line 36.
LaTeX Font Info:    Checking defaults for OMX/cmex/m/n on input line 36.
LaTeX Font Info:    ... okay on input line 36.
LaTeX Font Info:    Checking defaults for U/cmr/m/n on input line 36.
LaTeX Font Info:    ... okay on input line 36.

*geometry* driver: auto-detecting
*geometry* detected driver: pdftex
*geometry* verbose mode - [ preamble ] result:
* driver: pdftex
* paper: letterpaper
* layout: <same size as paper>
* layoutoffset:(h,v)=(0.0pt,0.0pt)
* modes: 
* h-part:(L,W,R)=(56.9055pt, 500.484pt, 56.9055pt)
* v-part:(T,H,B)=(28.45274pt, 652.70622pt, 113.81102pt)
* \paperwidth=614.295pt
* \paperheight=794.96999pt
* \textwidth=500.484pt
* \textheight=652.70622pt
* \oddsidemargin=-15.36449pt
* \evensidemargin=-15.36449pt
* \topmargin=-43.81725pt
* \headheight=35.0pt
* \headsep=17.62482pt
* \topskip=12.0pt
* \footskip=30.0pt
* \marginparwidth=44.0pt
* \marginparsep=10.0pt
* \columnsep=10.0pt
* \skip\footins=10.8pt plus 4.0pt minus 2.0pt
* \hoffset=0.0pt
* \voffset=0.0pt
* \mag=1000
* \@twocolumnfalse
* \@twosidefalse
* \@mparswitchfalse
* \@reversemarginfalse
* (1in=72.27pt=25.4mm, 1cm=28.453pt)

Package lastpage Info: Please have a look at the pageslts package at
(lastpage)             https://www.ctan.org/pkg/pageslts
(lastpage)             ! on input line 36.
(D:\DSI\Software\MiKTeX\tex/context/base/mkii\supp-pdf.mkii
[Loading MPS to PDF converter (version 2006.09.02).]
\scratchcounter=\count125
\scratchdimen=\dimen157
\scratchbox=\box60
\nofMPsegments=\count126
\nofMParguments=\count127
\everyMPshowfont=\toks33
\MPscratchCnt=\count128
\MPscratchDim=\dimen158
\MPnumerator=\count129
\makeMPintoPDFobject=\count130
\everyMPtoPDFconversion=\toks34
) (D:\DSI\Software\MiKTeX\tex/latex/oberdiek\epstopdf-base.sty
Package: epstopdf-base 2016/05/15 v2.6 Base part for package epstopdf

(D:\DSI\Software\MiKTeX\tex/generic/oberdiek\infwarerr.sty
Package: infwarerr 2016/05/16 v1.4 Providing info/warning/error messages (HO)
)
(D:\DSI\Software\MiKTeX\tex/latex/oberdiek\grfext.sty
Package: grfext 2016/05/16 v1.2 Manage graphics extensions (HO)

(D:\DSI\Software\MiKTeX\tex/generic/oberdiek\kvdefinekeys.sty
Package: kvdefinekeys 2016/05/16 v1.4 Define keys (HO)

(D:\DSI\Software\MiKTeX\tex/generic/oberdiek\ltxcmds.sty
Package: ltxcmds 2016/05/16 v1.23 LaTeX kernel commands for general use (HO)
)))
(D:\DSI\Software\MiKTeX\tex/latex/oberdiek\kvoptions.sty
Package: kvoptions 2016/05/16 v3.12 Key value format for package options (HO)

(D:\DSI\Software\MiKTeX\tex/generic/oberdiek\kvsetkeys.sty
Package: kvsetkeys 2016/05/16 v1.17 Key value parser (HO)

(D:\DSI\Software\MiKTeX\tex/generic/oberdiek\etexcmds.sty
Package: etexcmds 2016/05/16 v1.6 Avoid name clashes with e-TeX commands (HO)

(D:\DSI\Software\MiKTeX\tex/generic/oberdiek\ifluatex.sty
Package: ifluatex 2016/05/16 v1.4 Provides the ifluatex switch (HO)
Package ifluatex Info: LuaTeX not detected.
))))
(D:\DSI\Software\MiKTeX\tex/generic/oberdiek\pdftexcmds.sty
Package: pdftexcmds 2019/07/25 v0.30 Utility functions of pdfTeX for LuaTeX (HO
)
Package pdftexcmds Info: LuaTeX not detected.
Package pdftexcmds Info: \pdf@primitive is available.
Package pdftexcmds Info: \pdf@ifprimitive is available.
Package pdftexcmds Info: \pdfdraftmode found.
)
Package epstopdf-base Info: Redefining graphics rule for `.eps' on input line 4
38.
Package grfext Info: Graphics extension search list:
(grfext)             [.pdf,.png,.jpg,.mps,.jpeg,.jbig2,.jb2,.PDF,.PNG,.JPG,.JPE
G,.JBIG2,.JB2,.eps]
(grfext)             \AppendGraphicsExtensions on input line 456.
)
LaTeX Font Info:    Try loading font information for U+msa on input line 95.

(D:\DSI\Software\MiKTeX\tex/latex/amsfonts\umsa.fd
File: umsa.fd 2013/01/14 v3.01 AMS symbols A
)
LaTeX Font Info:    Try loading font information for U+msb on input line 95.

(D:\DSI\Software\MiKTeX\tex/latex/amsfonts\umsb.fd
File: umsb.fd 2013/01/14 v3.01 AMS symbols B
)
LaTeX Font Info:    Try loading font information for U+rsfs on input line 95.

(D:\DSI\Software\MiKTeX\tex/latex/jknappen\ursfs.fd
File: ursfs.fd 1998/03/24 rsfs font definition file (jk)
) [1{C:/Users/dell/AppData/Local/MiKTeX/2.9/pdftex/config/pdftex.map}

]
<../figures/LiChessFigs/ratings_hist.png, id=10, 867.24pt x 578.16pt>
File: ../figures/LiChessFigs/ratings_hist.png Graphic file (type png)
<use ../figures/LiChessFigs/ratings_hist.png>
Package pdftex.def Info: ../figures/LiChessFigs/ratings_hist.png  used on input
 line 109.
(pdftex.def)             Requested size: 245.24199pt x 163.48929pt.
<../figures/LiChessFigs/white_win.png, id=12, 867.24pt x 578.16pt>
File: ../figures/LiChessFigs/white_win.png Graphic file (type png)
<use ../figures/LiChessFigs/white_win.png>
Package pdftex.def Info: ../figures/LiChessFigs/white_win.png  used on input li
ne 117.
(pdftex.def)             Requested size: 245.24199pt x 163.48929pt.
<../figures/LiChessFigs/white_pre.png, id=13, 867.24pt x 433.62pt>
File: ../figures/LiChessFigs/white_pre.png Graphic file (type png)
<use ../figures/LiChessFigs/white_pre.png>
Package pdftex.def Info: ../figures/LiChessFigs/white_pre.png  used on input li
ne 125.
(pdftex.def)             Requested size: 245.24199pt x 122.61697pt.
<../figures/LiChessFigs/black_pre.png, id=14, 867.24pt x 433.62pt>
File: ../figures/LiChessFigs/black_pre.png Graphic file (type png)
<use ../figures/LiChessFigs/black_pre.png>
Package pdftex.def Info: ../figures/LiChessFigs/black_pre.png  used on input li
ne 126.
(pdftex.def)             Requested size: 245.24199pt x 122.61697pt.
<../figures/FIDE_results.png, id=15, 867.24pt x 578.16pt>
File: ../figures/FIDE_results.png Graphic file (type png)
<use ../figures/FIDE_results.png>
Package pdftex.def Info: ../figures/FIDE_results.png  used on input line 141.
(pdftex.def)             Requested size: 245.24199pt x 163.48929pt.
 [2 <../figures/LiChessFigs/ratings_hist.png> <../figures/LiChessFigs/white_win
.png> <../figures/LiChessFigs/white_pre.png> <../figures/LiChessFigs/black_pre.
png>] [3 <../figures/FIDE_results.png>]
<../figures/baseline_violin.png, id=28, 505.89pt x 361.35pt>
File: ../figures/baseline_violin.png Graphic file (type png)
<use ../figures/baseline_violin.png>
Package pdftex.def Info: ../figures/baseline_violin.png  used on input line 177
.
(pdftex.def)             Requested size: 245.24199pt x 175.17734pt.
<../figures/new_violin.png, id=29, 505.89pt x 361.35pt>
File: ../figures/new_violin.png Graphic file (type png)
<use ../figures/new_violin.png>
Package pdftex.def Info: ../figures/new_violin.png  used on input line 178.
(pdftex.def)             Requested size: 245.24199pt x 175.17734pt.
<../figures/baseline_linear.png, id=30, 505.89pt x 361.35pt>
File: ../figures/baseline_linear.png Graphic file (type png)
<use ../figures/baseline_linear.png>
Package pdftex.def Info: ../figures/baseline_linear.png  used on input line 193
.
(pdftex.def)             Requested size: 245.24199pt x 175.17734pt.
<../figures/new_linear_iter_0.png, id=31, 505.89pt x 361.35pt>
File: ../figures/new_linear_iter_0.png Graphic file (type png)
<use ../figures/new_linear_iter_0.png>
Package pdftex.def Info: ../figures/new_linear_iter_0.png  used on input line 1
94.
(pdftex.def)             Requested size: 245.24199pt x 175.17734pt.
 [4 <../figures/baseline_violin.png> <../figures/new_violin.png> <../figures/ba
seline_linear.png> <../figures/new_linear_iter_0.png>]
LaTeX Font Info:    Try loading font information for OMS+cmr on input line 205.


(D:\DSI\Software\MiKTeX\tex/latex/base\omscmr.fd
File: omscmr.fd 2014/09/29 v2.5h Standard LaTeX font definitions
)
LaTeX Font Info:    Font shape `OMS/cmr/m/n' in size <12> not available
(Font)              Font shape `OMS/cmsy/m/n' tried instead on input line 205.


AED: lastpage setting LastPage
[5] (Final_report.aux)

LaTeX Warning: Label(s) may have changed. Rerun to get cross-references right.

 ) 
Here is how much of TeX's memory you used:
 4313 strings out of 492895
 59001 string characters out of 3135835
 142856 words of memory out of 3000000
 8114 multiletter control sequences out of 15000+200000
 11598 words of font info for 44 fonts, out of 3000000 for 9000
 1141 hyphenation exceptions out of 8191
 41i,10n,43p,1258b,455s stack positions out of 5000i,500n,10000p,200000b,50000s
<D:/DSI/Software/MiKTeX/fonts/type1/public/amsfonts/cm/cmbx10.pfb><D:/DSI/Sof
tware/MiKTeX/fonts/type1/public/amsfonts/cm/cmbx12.pfb><D:/DSI/Software/MiKTeX/
fonts/type1/public/amsfonts/cm/cmr10.pfb><D:/DSI/Software/MiKTeX/fonts/type1/pu
blic/amsfonts/cm/cmr12.pfb><D:/DSI/Software/MiKTeX/fonts/type1/public/amsfonts/
cm/cmr8.pfb><D:/DSI/Software/MiKTeX/fonts/type1/public/amsfonts/cm/cmsy10.pfb><
D:/DSI/Software/MiKTeX/fonts/type1/public/amsfonts/cm/cmti10.pfb><D:/DSI/Softwa
re/MiKTeX/fonts/type1/public/amsfonts/cm/cmti12.pfb>
Output written on Final_report.pdf (5 pages, 340668 bytes).
PDF statistics:
 69 PDF objects out of 1000 (max. 8388607)
 0 named destinations out of 1000 (max. 500000)
 46 words of extra memory for PDF output out of 10000 (max. 10000000)

